#
# A fatal error has been detected by the Java Runtime Environment:
#
#  EXCEPTION_ACCESS_VIOLATION (0xc0000005) at pc=0x00007ffe4c77d9ff, pid=7628, tid=16236
#
# JRE version: OpenJDK Runtime Environment Temurin-17.0.2+8 (17.0.2+8) (build 17.0.2+8)
# Java VM: OpenJDK 64-Bit Server VM Temurin-17.0.2+8 (17.0.2+8, mixed mode, tiered, compressed oops, compressed class ptrs, g1 gc, windows-amd64)
# Problematic frame:
# V  [jvm.dll+0x74d9ff]
#
# No core dump will be written. Minidumps are not enabled by default on client versions of Windows
#
# If you would like to submit a bug report, please visit:
#   https://github.com/adoptium/adoptium-support/issues
#

---------------  S U M M A R Y ------------

Command Line: -XX:+ShowCodeDetailsInExceptionMessages -agentlib:jdwp=transport=dt_socket,suspend=y,address=localhost:50354 -javaagent:C:\Users\User\eclipse\jee-2022-03\eclipse\configuration\org.eclipse.osgi\422\0\.cp\lib\javaagent-shaded.jar -Dfile.encoding=MS949 Start

Host: Intel(R) Pentium(R) CPU 4415U @ 2.30GHz, 4 cores, 7G,  Windows 10 , 64 bit Build 19041 (10.0.19041.1706)
Time: Mon Jun  6 01:51:33 2022  Windows 10 , 64 bit Build 19041 (10.0.19041.1706) elapsed time: 351.303227 seconds (0d 0h 5m 51s)

---------------  T H R E A D  ---------------

Current thread (0x0000021220ed95a0):  VMThread "VM Thread" [stack: 0x00000061cdb00000,0x00000061cdc00000] [id=16236]

Stack: [0x00000061cdb00000,0x00000061cdc00000],  sp=0x00000061cdbfea30,  free space=1018k
Native frames: (J=compiled Java code, j=interpreted, Vv=VM code, C=native code)
V  [jvm.dll+0x74d9ff]
V  [jvm.dll+0x33595f]
V  [jvm.dll+0x337ad5]
V  [jvm.dll+0x33814e]
V  [jvm.dll+0x33579f]
V  [jvm.dll+0x334a57]
V  [jvm.dll+0x663d2a]
V  [jvm.dll+0x663a43]
V  [jvm.dll+0x628398]
V  [jvm.dll+0x826eb5]
V  [jvm.dll+0x525c76]
V  [jvm.dll+0x835ebb]
V  [jvm.dll+0x836bf4]
V  [jvm.dll+0x83710c]
V  [jvm.dll+0x8374e4]
V  [jvm.dll+0x8375b0]
V  [jvm.dll+0x7dff2a]
V  [jvm.dll+0x6744d5]
C  [ucrtbase.dll+0x21bb2]
C  [KERNEL32.DLL+0x17034]
C  [ntdll.dll+0x52651]


siginfo: EXCEPTION_ACCESS_VIOLATION (0xc0000005), reading address 0x0000000000000004


Register to memory mapping:

RIP=0x00007ffe4c77d9ff jvm.dll
RAX=0x0 is NULL
RBX=0x0 is NULL
RCX=0x00000061cdbfea50 points into unknown readable memory: 0x0000000000000000 | 00 00 00 00 00 00 00 00
RDX=0x0 is NULL
RSP=0x00000061cdbfea30 points into unknown readable memory: 0x00000061cdbfeb90 | 90 eb bf cd 61 00 00 00
RBP=0x00000061cdbfeb90 points into unknown readable memory: 0xffffffffffffffff | ff ff ff ff ff ff ff ff
RSI=0x00000061cdbfeac0 points into unknown readable memory: 0x0000000000000000 | 00 00 00 00 00 00 00 00
RDI=0x00000061cdbff1a0 points into unknown readable memory: 0x00007ffe4c9d2eb0 | b0 2e 9d 4c fe 7f 00 00
R8 =0x0 is NULL
R9 =0x000002122284bd48 is pointing into metadata
R10=0x00007ffe4c030000 jvm.dll
R11={method} {0x0000021222844c90} 'SelectObject' '()V' in 'Object/ObjectManager'
R12=0x00007ffe4c030000 jvm.dll
R13=0x0000021221bb42e8 points into unknown readable memory: 0x0000011d892b9900 | 00 99 2b 89 1d 01 00 00
R14=0x0000021222846603 is pointing into metadata
R15=0x0000000000000188 is an unknown value


Registers:
RAX=0x0000000000000000, RBX=0x0000000000000000, RCX=0x00000061cdbfea50, RDX=0x0000000000000000
RSP=0x00000061cdbfea30, RBP=0x00000061cdbfeb90, RSI=0x00000061cdbfeac0, RDI=0x00000061cdbff1a0
R8 =0x0000000000000000, R9 =0x000002122284bd48, R10=0x00007ffe4c030000, R11=0x0000021222844c88
R12=0x00007ffe4c030000, R13=0x0000021221bb42e8, R14=0x0000021222846603, R15=0x0000000000000188
RIP=0x00007ffe4c77d9ff, EFLAGS=0x0000000000010246

Top of Stack: (sp=0x00000061cdbfea30)
0x00000061cdbfea30:   00000061cdbfeb90 00000061cdbfeac0
0x00000061cdbfea40:   00000061cdbff1a0 0000000000000000
0x00000061cdbfea50:   0000000000000000 00007ffe4c26cd6e
0x00000061cdbfea60:   00000061cdbfeae8 0000000100000000
0x00000061cdbfea70:   0000021220da0140 0000000000000000
0x00000061cdbfea80:   0000000000000000 00007ffe4c36595f
0x00000061cdbfea90:   0000000000000000 0000000000000000
0x00000061cdbfeaa0:   0000000000000000 0000000000000000
0x00000061cdbfeab0:   0000000000000000 0000000000000000
0x00000061cdbfeac0:   0000000000000000 00007ffe00000063
0x00000061cdbfead0:   0000000000000000 00000061cdbfeb18
0x00000061cdbfeae0:   0000000000000000 0000021220da64c0
0x00000061cdbfeaf0:   0000001500000014 0000000000000015
0x00000061cdbfeb00:   000000030000000e 0000021220da0140
0x00000061cdbfeb10:   0000000000000000 0000000000000000
0x00000061cdbfeb20:   00000061cdbff270 00007ffe4c77d930 

Instructions: (pc=0x00007ffe4c77d9ff)
0x00007ffe4c77d8ff:   00 00 00 44 89 47 0c 44 89 47 08 44 3b c3 7c 17
0x00007ffe4c77d90f:   c7 47 1c ff ff ff ff 48 8b 5c 24 30 48 8b 74 24
0x00007ffe4c77d91f:   38 48 83 c4 20 5f c3 0f be 4c 30 07 e8 80 fc ff
0x00007ffe4c77d92f:   ff 48 83 c6 06 89 47 18 83 e8 0c 74 50 83 f8 01
0x00007ffe4c77d93f:   75 34 49 63 c0 48 3b c3 7d 18 0f 1f 80 00 00 00
0x00007ffe4c77d94f:   00 80 3c 30 5b 75 0b 41 ff c0 48 ff c0 48 3b c3
0x00007ffe4c77d95f:   7c ef 49 63 c8 41 8b c0 2b 47 0c 48 03 ce 89 47
0x00007ffe4c77d96f:   14 80 39 4c 74 1d 41 8d 58 01 89 5f 0c 48 8b 5c
0x00007ffe4c77d97f:   24 30 48 8b 74 24 38 48 83 c4 20 5f c3 49 63 c8
0x00007ffe4c77d98f:   48 03 ce 8b c3 ba 3b 00 00 00 41 2b c0 4c 63 c0
0x00007ffe4c77d99f:   e8 fc e9 13 00 48 85 c0 74 06 8b d8 2b de ff c3
0x00007ffe4c77d9af:   48 8b 74 24 38 89 5f 0c 48 8b 5c 24 30 48 83 c4
0x00007ffe4c77d9bf:   20 5f c3 cc cc cc cc cc cc cc cc cc cc cc cc cc
0x00007ffe4c77d9cf:   cc 40 56 48 83 ec 50 83 79 08 63 48 8b f1 0f 85
0x00007ffe4c77d9df:   d0 00 00 00 48 8b 01 48 8d 4c 24 20 48 89 44 24
0x00007ffe4c77d9ef:   20 48 89 5c 24 60 33 db c7 44 24 3c 01 00 00 00
0x00007ffe4c77d9ff:   0f b7 40 04 89 44 24 30 48 8b 05 ba b9 43 00 48
0x00007ffe4c77da0f:   89 44 24 40 c7 44 24 2c 01 00 00 00 c7 44 24 28
0x00007ffe4c77da1f:   01 00 00 00 89 5c 24 34 48 89 5c 24 48 e8 7f fe
0x00007ffe4c77da2f:   ff ff 48 8d 4c 24 20 e8 b5 00 00 00 8b 44 24 38
0x00007ffe4c77da3f:   48 8b 4c 24 40 89 46 08 48 3b 0d 7a b9 43 00 74
0x00007ffe4c77da4f:   45 48 89 6c 24 68 e8 46 fe 04 00 48 8b 6c 24 48
0x00007ffe4c77da5f:   48 85 ed 74 3c 39 5d 00 7e 37 48 89 7c 24 70 8b
0x00007ffe4c77da6f:   fb 48 8b 4d 08 48 8b 0c 0f e8 23 fe 04 00 ff c3
0x00007ffe4c77da7f:   48 8d 7f 08 3b 5d 00 7c e8 8b 46 08 48 8b 7c 24
0x00007ffe4c77da8f:   70 48 8b 6c 24 68 48 8b 5c 24 60 48 83 c4 50 5e
0x00007ffe4c77da9f:   c3 8b 46 08 48 8b 6c 24 68 48 8b 5c 24 60 48 83
0x00007ffe4c77daaf:   c4 50 5e c3 8b 41 08 48 83 c4 50 5e c3 cc cc cc
0x00007ffe4c77dabf:   cc 48 8d 42 ff 48 83 f8 fd 77 14 48 3b 51 10 74
0x00007ffe4c77dacf:   19 48 89 51 10 48 d1 ea 83 e2 0f 89 51 08 c3 48
0x00007ffe4c77dadf:   89 51 10 c7 41 08 63 00 00 00 c3 cc cc cc cc cc
0x00007ffe4c77daef:   cc 40 53 48 83 ec 20 8b 41 1c 48 8b d9 83 f8 03 


Stack slot to memory mapping:
stack at sp + 0 slots: 0x00000061cdbfeb90 points into unknown readable memory: 0xffffffffffffffff | ff ff ff ff ff ff ff ff
stack at sp + 1 slots: 0x00000061cdbfeac0 points into unknown readable memory: 0x0000000000000000 | 00 00 00 00 00 00 00 00
stack at sp + 2 slots: 0x00000061cdbff1a0 points into unknown readable memory: 0x00007ffe4c9d2eb0 | b0 2e 9d 4c fe 7f 00 00
stack at sp + 3 slots: 0x0 is NULL
stack at sp + 4 slots: 0x0 is NULL
stack at sp + 5 slots: 0x00007ffe4c26cd6e jvm.dll
stack at sp + 6 slots: 0x00000061cdbfeae8 points into unknown readable memory: 0x0000021220da64c0 | c0 64 da 20 12 02 00 00
stack at sp + 7 slots: 0x0000000100000000 is pointing into metadata

VM_Operation (0x00000061ce6ff640): get/set locals, mode: safepoint, requested by thread 0x0000021221afe250


---------------  P R O C E S S  ---------------

Threads class SMR info:
_java_thread_list=0x0000021221bbbf90, length=15, elements={
0x000002120780dd50, 0x0000021220ede9e0, 0x0000021220ee2150, 0x0000021220f593a0,
0x0000021220f4ff10, 0x0000021221800470, 0x0000021221800d30, 0x0000021221801920,
0x0000021221879de0, 0x000002122187eab0, 0x0000021220e7b4f0, 0x0000021221afe250,
0x0000021221afef00, 0x0000021221aff3f0, 0x0000021221a486e0
}

Java Threads: ( => current thread )
  0x000002120780dd50 JavaThread "main" [_thread_blocked, id=12824, stack(0x00000061cd500000,0x00000061cd600000)]
  0x0000021220ede9e0 JavaThread "Reference Handler" daemon [_thread_blocked, id=7384, stack(0x00000061cdc00000,0x00000061cdd00000)]
  0x0000021220ee2150 JavaThread "Finalizer" daemon [_thread_blocked, id=6988, stack(0x00000061cdd00000,0x00000061cde00000)]
  0x0000021220f593a0 JavaThread "Signal Dispatcher" daemon [_thread_blocked, id=8384, stack(0x00000061cde00000,0x00000061cdf00000)]
  0x0000021220f4ff10 JavaThread "Attach Listener" daemon [_thread_blocked, id=10236, stack(0x00000061cdf00000,0x00000061ce000000)]
  0x0000021221800470 JavaThread "Service Thread" daemon [_thread_blocked, id=9664, stack(0x00000061ce000000,0x00000061ce100000)]
  0x0000021221800d30 JavaThread "Monitor Deflation Thread" daemon [_thread_blocked, id=2224, stack(0x00000061ce100000,0x00000061ce200000)]
  0x0000021221801920 JavaThread "C2 CompilerThread0" daemon [_thread_blocked, id=11236, stack(0x00000061ce200000,0x00000061ce300000)]
  0x0000021221879de0 JavaThread "C1 CompilerThread0" daemon [_thread_blocked, id=11468, stack(0x00000061ce300000,0x00000061ce400000)]
  0x000002122187eab0 JavaThread "Sweeper thread" daemon [_thread_blocked, id=12736, stack(0x00000061ce400000,0x00000061ce500000)]
  0x0000021220e7b4f0 JavaThread "Common-Cleaner" daemon [_thread_blocked, id=13024, stack(0x00000061ce500000,0x00000061ce600000)]
  0x0000021221afe250 JavaThread "JDWP Transport Listener: dt_socket" daemon [_thread_blocked, id=11776, stack(0x00000061ce600000,0x00000061ce700000)]
  0x0000021221afef00 JavaThread "JDWP Event Helper Thread" daemon [_thread_blocked, id=6136, stack(0x00000061ce700000,0x00000061ce800000)]
  0x0000021221aff3f0 JavaThread "JDWP Command Reader" daemon [_thread_in_native, id=4484, stack(0x00000061ce800000,0x00000061ce900000)]
  0x0000021221a486e0 JavaThread "Notification Thread" daemon [_thread_blocked, id=5880, stack(0x00000061cea00000,0x00000061ceb00000)]

Other Threads:
=>0x0000021220ed95a0 VMThread "VM Thread" [stack: 0x00000061cdb00000,0x00000061cdc00000] [id=16236]
  0x0000021221bb2ab0 WatcherThread [stack: 0x00000061ceb00000,0x00000061cec00000] [id=9032]
  0x000002120784af00 GCTaskThread "GC Thread#0" [stack: 0x00000061cd600000,0x00000061cd700000] [id=744]
  0x000002120785cbd0 ConcurrentGCThread "G1 Main Marker" [stack: 0x00000061cd700000,0x00000061cd800000] [id=10388]
  0x000002120785dec0 ConcurrentGCThread "G1 Conc#0" [stack: 0x00000061cd800000,0x00000061cd900000] [id=11672]
  0x00000212078d59a0 ConcurrentGCThread "G1 Refine#0" [stack: 0x00000061cd900000,0x00000061cda00000] [id=5332]
  0x00000212078d63c0 ConcurrentGCThread "G1 Service" [stack: 0x00000061cda00000,0x00000061cdb00000] [id=8496]

Threads with active compile tasks:

VM state: at safepoint (normal execution)

VM Mutex/Monitor currently owned by a thread:  ([mutex/lock_event])
[0x0000021207809680] Threads_lock - owner thread: 0x0000021220ed95a0

Heap address: 0x0000000081400000, size: 2028 MB, Compressed Oops mode: 32-bit

CDS archive(s) not mapped
Compressed class space mapped at: 0x0000000100000000-0x0000000140000000, reserved size: 1073741824
Narrow klass base: 0x0000000000000000, Narrow klass shift: 3, Narrow klass range: 0x140000000

GC Precious Log:
 CPUs: 4 total, 4 available
 Memory: 8106M
 Large Page Support: Disabled
 NUMA Support: Disabled
 Compressed Oops: Enabled (32-bit)
 Heap Region Size: 1M
 Heap Min Capacity: 8M
 Heap Initial Capacity: 128M
 Heap Max Capacity: 2028M
 Pre-touch: Disabled
 Parallel Workers: 4
 Concurrent Workers: 1
 Concurrent Refinement Workers: 4
 Periodic GC: Disabled

Heap:
 garbage-first heap   total 131072K, used 6144K [0x0000000081400000, 0x0000000100000000)
  region size 1024K, 7 young (7168K), 0 survivors (0K)
 Metaspace       used 10297K, committed 10432K, reserved 1064960K
  class space    used 897K, committed 960K, reserved 1048576K

Heap Regions: E=young(eden), S=young(survivor), O=old, HS=humongous(starts), HC=humongous(continues), CS=collection set, F=free, OA=open archive, CA=closed archive, TAMS=top-at-mark-start (previous, next)
|   0|0x0000000081400000, 0x0000000081400000, 0x0000000081500000|  0%| F|  |TAMS 0x0000000081400000, 0x0000000081400000| Untracked 
|   1|0x0000000081500000, 0x0000000081500000, 0x0000000081600000|  0%| F|  |TAMS 0x0000000081500000, 0x0000000081500000| Untracked 
|   2|0x0000000081600000, 0x0000000081600000, 0x0000000081700000|  0%| F|  |TAMS 0x0000000081600000, 0x0000000081600000| Untracked 
|   3|0x0000000081700000, 0x0000000081700000, 0x0000000081800000|  0%| F|  |TAMS 0x0000000081700000, 0x0000000081700000| Untracked 
|   4|0x0000000081800000, 0x0000000081800000, 0x0000000081900000|  0%| F|  |TAMS 0x0000000081800000, 0x0000000081800000| Untracked 
|   5|0x0000000081900000, 0x0000000081900000, 0x0000000081a00000|  0%| F|  |TAMS 0x0000000081900000, 0x0000000081900000| Untracked 
|   6|0x0000000081a00000, 0x0000000081a00000, 0x0000000081b00000|  0%| F|  |TAMS 0x0000000081a00000, 0x0000000081a00000| Untracked 
|   7|0x0000000081b00000, 0x0000000081b00000, 0x0000000081c00000|  0%| F|  |TAMS 0x0000000081b00000, 0x0000000081b00000| Untracked 
|   8|0x0000000081c00000, 0x0000000081c00000, 0x0000000081d00000|  0%| F|  |TAMS 0x0000000081c00000, 0x0000000081c00000| Untracked 
|   9|0x0000000081d00000, 0x0000000081d00000, 0x0000000081e00000|  0%| F|  |TAMS 0x0000000081d00000, 0x0000000081d00000| Untracked 
|  10|0x0000000081e00000, 0x0000000081e00000, 0x0000000081f00000|  0%| F|  |TAMS 0x0000000081e00000, 0x0000000081e00000| Untracked 
|  11|0x0000000081f00000, 0x0000000081f00000, 0x0000000082000000|  0%| F|  |TAMS 0x0000000081f00000, 0x0000000081f00000| Untracked 
|  12|0x0000000082000000, 0x0000000082000000, 0x0000000082100000|  0%| F|  |TAMS 0x0000000082000000, 0x0000000082000000| Untracked 
|  13|0x0000000082100000, 0x0000000082100000, 0x0000000082200000|  0%| F|  |TAMS 0x0000000082100000, 0x0000000082100000| Untracked 
|  14|0x0000000082200000, 0x0000000082200000, 0x0000000082300000|  0%| F|  |TAMS 0x0000000082200000, 0x0000000082200000| Untracked 
|  15|0x0000000082300000, 0x0000000082300000, 0x0000000082400000|  0%| F|  |TAMS 0x0000000082300000, 0x0000000082300000| Untracked 
|  16|0x0000000082400000, 0x0000000082400000, 0x0000000082500000|  0%| F|  |TAMS 0x0000000082400000, 0x0000000082400000| Untracked 
|  17|0x0000000082500000, 0x0000000082500000, 0x0000000082600000|  0%| F|  |TAMS 0x0000000082500000, 0x0000000082500000| Untracked 
|  18|0x0000000082600000, 0x0000000082600000, 0x0000000082700000|  0%| F|  |TAMS 0x0000000082600000, 0x0000000082600000| Untracked 
|  19|0x0000000082700000, 0x0000000082700000, 0x0000000082800000|  0%| F|  |TAMS 0x0000000082700000, 0x0000000082700000| Untracked 
|  20|0x0000000082800000, 0x0000000082800000, 0x0000000082900000|  0%| F|  |TAMS 0x0000000082800000, 0x0000000082800000| Untracked 
|  21|0x0000000082900000, 0x0000000082900000, 0x0000000082a00000|  0%| F|  |TAMS 0x0000000082900000, 0x0000000082900000| Untracked 
|  22|0x0000000082a00000, 0x0000000082a00000, 0x0000000082b00000|  0%| F|  |TAMS 0x0000000082a00000, 0x0000000082a00000| Untracked 
|  23|0x0000000082b00000, 0x0000000082b00000, 0x0000000082c00000|  0%| F|  |TAMS 0x0000000082b00000, 0x0000000082b00000| Untracked 
|  24|0x0000000082c00000, 0x0000000082c00000, 0x0000000082d00000|  0%| F|  |TAMS 0x0000000082c00000, 0x0000000082c00000| Untracked 
|  25|0x0000000082d00000, 0x0000000082d00000, 0x0000000082e00000|  0%| F|  |TAMS 0x0000000082d00000, 0x0000000082d00000| Untracked 
|  26|0x0000000082e00000, 0x0000000082e00000, 0x0000000082f00000|  0%| F|  |TAMS 0x0000000082e00000, 0x0000000082e00000| Untracked 
|  27|0x0000000082f00000, 0x0000000082f00000, 0x0000000083000000|  0%| F|  |TAMS 0x0000000082f00000, 0x0000000082f00000| Untracked 
|  28|0x0000000083000000, 0x0000000083000000, 0x0000000083100000|  0%| F|  |TAMS 0x0000000083000000, 0x0000000083000000| Untracked 
|  29|0x0000000083100000, 0x0000000083100000, 0x0000000083200000|  0%| F|  |TAMS 0x0000000083100000, 0x0000000083100000| Untracked 
|  30|0x0000000083200000, 0x0000000083200000, 0x0000000083300000|  0%| F|  |TAMS 0x0000000083200000, 0x0000000083200000| Untracked 
|  31|0x0000000083300000, 0x0000000083300000, 0x0000000083400000|  0%| F|  |TAMS 0x0000000083300000, 0x0000000083300000| Untracked 
|  32|0x0000000083400000, 0x0000000083400000, 0x0000000083500000|  0%| F|  |TAMS 0x0000000083400000, 0x0000000083400000| Untracked 
|  33|0x0000000083500000, 0x0000000083500000, 0x0000000083600000|  0%| F|  |TAMS 0x0000000083500000, 0x0000000083500000| Untracked 
|  34|0x0000000083600000, 0x0000000083600000, 0x0000000083700000|  0%| F|  |TAMS 0x0000000083600000, 0x0000000083600000| Untracked 
|  35|0x0000000083700000, 0x0000000083700000, 0x0000000083800000|  0%| F|  |TAMS 0x0000000083700000, 0x0000000083700000| Untracked 
|  36|0x0000000083800000, 0x0000000083800000, 0x0000000083900000|  0%| F|  |TAMS 0x0000000083800000, 0x0000000083800000| Untracked 
|  37|0x0000000083900000, 0x0000000083900000, 0x0000000083a00000|  0%| F|  |TAMS 0x0000000083900000, 0x0000000083900000| Untracked 
|  38|0x0000000083a00000, 0x0000000083a00000, 0x0000000083b00000|  0%| F|  |TAMS 0x0000000083a00000, 0x0000000083a00000| Untracked 
|  39|0x0000000083b00000, 0x0000000083b00000, 0x0000000083c00000|  0%| F|  |TAMS 0x0000000083b00000, 0x0000000083b00000| Untracked 
|  40|0x0000000083c00000, 0x0000000083c00000, 0x0000000083d00000|  0%| F|  |TAMS 0x0000000083c00000, 0x0000000083c00000| Untracked 
|  41|0x0000000083d00000, 0x0000000083d00000, 0x0000000083e00000|  0%| F|  |TAMS 0x0000000083d00000, 0x0000000083d00000| Untracked 
|  42|0x0000000083e00000, 0x0000000083e00000, 0x0000000083f00000|  0%| F|  |TAMS 0x0000000083e00000, 0x0000000083e00000| Untracked 
|  43|0x0000000083f00000, 0x0000000083f00000, 0x0000000084000000|  0%| F|  |TAMS 0x0000000083f00000, 0x0000000083f00000| Untracked 
|  44|0x0000000084000000, 0x0000000084000000, 0x0000000084100000|  0%| F|  |TAMS 0x0000000084000000, 0x0000000084000000| Untracked 
|  45|0x0000000084100000, 0x0000000084100000, 0x0000000084200000|  0%| F|  |TAMS 0x0000000084100000, 0x0000000084100000| Untracked 
|  46|0x0000000084200000, 0x0000000084200000, 0x0000000084300000|  0%| F|  |TAMS 0x0000000084200000, 0x0000000084200000| Untracked 
|  47|0x0000000084300000, 0x0000000084300000, 0x0000000084400000|  0%| F|  |TAMS 0x0000000084300000, 0x0000000084300000| Untracked 
|  48|0x0000000084400000, 0x0000000084400000, 0x0000000084500000|  0%| F|  |TAMS 0x0000000084400000, 0x0000000084400000| Untracked 
|  49|0x0000000084500000, 0x0000000084500000, 0x0000000084600000|  0%| F|  |TAMS 0x0000000084500000, 0x0000000084500000| Untracked 
|  50|0x0000000084600000, 0x0000000084600000, 0x0000000084700000|  0%| F|  |TAMS 0x0000000084600000, 0x0000000084600000| Untracked 
|  51|0x0000000084700000, 0x0000000084700000, 0x0000000084800000|  0%| F|  |TAMS 0x0000000084700000, 0x0000000084700000| Untracked 
|  52|0x0000000084800000, 0x0000000084800000, 0x0000000084900000|  0%| F|  |TAMS 0x0000000084800000, 0x0000000084800000| Untracked 
|  53|0x0000000084900000, 0x0000000084900000, 0x0000000084a00000|  0%| F|  |TAMS 0x0000000084900000, 0x0000000084900000| Untracked 
|  54|0x0000000084a00000, 0x0000000084a00000, 0x0000000084b00000|  0%| F|  |TAMS 0x0000000084a00000, 0x0000000084a00000| Untracked 
|  55|0x0000000084b00000, 0x0000000084b00000, 0x0000000084c00000|  0%| F|  |TAMS 0x0000000084b00000, 0x0000000084b00000| Untracked 
|  56|0x0000000084c00000, 0x0000000084c00000, 0x0000000084d00000|  0%| F|  |TAMS 0x0000000084c00000, 0x0000000084c00000| Untracked 
|  57|0x0000000084d00000, 0x0000000084d00000, 0x0000000084e00000|  0%| F|  |TAMS 0x0000000084d00000, 0x0000000084d00000| Untracked 
|  58|0x0000000084e00000, 0x0000000084e00000, 0x0000000084f00000|  0%| F|  |TAMS 0x0000000084e00000, 0x0000000084e00000| Untracked 
|  59|0x0000000084f00000, 0x0000000084f00000, 0x0000000085000000|  0%| F|  |TAMS 0x0000000084f00000, 0x0000000084f00000| Untracked 
|  60|0x0000000085000000, 0x0000000085000000, 0x0000000085100000|  0%| F|  |TAMS 0x0000000085000000, 0x0000000085000000| Untracked 
|  61|0x0000000085100000, 0x0000000085100000, 0x0000000085200000|  0%| F|  |TAMS 0x0000000085100000, 0x0000000085100000| Untracked 
|  62|0x0000000085200000, 0x0000000085200000, 0x0000000085300000|  0%| F|  |TAMS 0x0000000085200000, 0x0000000085200000| Untracked 
|  63|0x0000000085300000, 0x0000000085300000, 0x0000000085400000|  0%| F|  |TAMS 0x0000000085300000, 0x0000000085300000| Untracked 
|  64|0x0000000085400000, 0x0000000085400000, 0x0000000085500000|  0%| F|  |TAMS 0x0000000085400000, 0x0000000085400000| Untracked 
|  65|0x0000000085500000, 0x0000000085500000, 0x0000000085600000|  0%| F|  |TAMS 0x0000000085500000, 0x0000000085500000| Untracked 
|  66|0x0000000085600000, 0x0000000085600000, 0x0000000085700000|  0%| F|  |TAMS 0x0000000085600000, 0x0000000085600000| Untracked 
|  67|0x0000000085700000, 0x0000000085700000, 0x0000000085800000|  0%| F|  |TAMS 0x0000000085700000, 0x0000000085700000| Untracked 
|  68|0x0000000085800000, 0x0000000085800000, 0x0000000085900000|  0%| F|  |TAMS 0x0000000085800000, 0x0000000085800000| Untracked 
|  69|0x0000000085900000, 0x0000000085900000, 0x0000000085a00000|  0%| F|  |TAMS 0x0000000085900000, 0x0000000085900000| Untracked 
|  70|0x0000000085a00000, 0x0000000085a00000, 0x0000000085b00000|  0%| F|  |TAMS 0x0000000085a00000, 0x0000000085a00000| Untracked 
|  71|0x0000000085b00000, 0x0000000085b00000, 0x0000000085c00000|  0%| F|  |TAMS 0x0000000085b00000, 0x0000000085b00000| Untracked 
|  72|0x0000000085c00000, 0x0000000085c00000, 0x0000000085d00000|  0%| F|  |TAMS 0x0000000085c00000, 0x0000000085c00000| Untracked 
|  73|0x0000000085d00000, 0x0000000085d00000, 0x0000000085e00000|  0%| F|  |TAMS 0x0000000085d00000, 0x0000000085d00000| Untracked 
|  74|0x0000000085e00000, 0x0000000085e00000, 0x0000000085f00000|  0%| F|  |TAMS 0x0000000085e00000, 0x0000000085e00000| Untracked 
|  75|0x0000000085f00000, 0x0000000085f00000, 0x0000000086000000|  0%| F|  |TAMS 0x0000000085f00000, 0x0000000085f00000| Untracked 
|  76|0x0000000086000000, 0x0000000086000000, 0x0000000086100000|  0%| F|  |TAMS 0x0000000086000000, 0x0000000086000000| Untracked 
|  77|0x0000000086100000, 0x0000000086100000, 0x0000000086200000|  0%| F|  |TAMS 0x0000000086100000, 0x0000000086100000| Untracked 
|  78|0x0000000086200000, 0x0000000086200000, 0x0000000086300000|  0%| F|  |TAMS 0x0000000086200000, 0x0000000086200000| Untracked 
|  79|0x0000000086300000, 0x0000000086300000, 0x0000000086400000|  0%| F|  |TAMS 0x0000000086300000, 0x0000000086300000| Untracked 
|  80|0x0000000086400000, 0x0000000086400000, 0x0000000086500000|  0%| F|  |TAMS 0x0000000086400000, 0x0000000086400000| Untracked 
|  81|0x0000000086500000, 0x0000000086500000, 0x0000000086600000|  0%| F|  |TAMS 0x0000000086500000, 0x0000000086500000| Untracked 
|  82|0x0000000086600000, 0x0000000086600000, 0x0000000086700000|  0%| F|  |TAMS 0x0000000086600000, 0x0000000086600000| Untracked 
|  83|0x0000000086700000, 0x0000000086700000, 0x0000000086800000|  0%| F|  |TAMS 0x0000000086700000, 0x0000000086700000| Untracked 
|  84|0x0000000086800000, 0x0000000086800000, 0x0000000086900000|  0%| F|  |TAMS 0x0000000086800000, 0x0000000086800000| Untracked 
|  85|0x0000000086900000, 0x0000000086900000, 0x0000000086a00000|  0%| F|  |TAMS 0x0000000086900000, 0x0000000086900000| Untracked 
|  86|0x0000000086a00000, 0x0000000086a00000, 0x0000000086b00000|  0%| F|  |TAMS 0x0000000086a00000, 0x0000000086a00000| Untracked 
|  87|0x0000000086b00000, 0x0000000086b00000, 0x0000000086c00000|  0%| F|  |TAMS 0x0000000086b00000, 0x0000000086b00000| Untracked 
|  88|0x0000000086c00000, 0x0000000086c00000, 0x0000000086d00000|  0%| F|  |TAMS 0x0000000086c00000, 0x0000000086c00000| Untracked 
|  89|0x0000000086d00000, 0x0000000086d00000, 0x0000000086e00000|  0%| F|  |TAMS 0x0000000086d00000, 0x0000000086d00000| Untracked 
|  90|0x0000000086e00000, 0x0000000086e00000, 0x0000000086f00000|  0%| F|  |TAMS 0x0000000086e00000, 0x0000000086e00000| Untracked 
|  91|0x0000000086f00000, 0x0000000086f00000, 0x0000000087000000|  0%| F|  |TAMS 0x0000000086f00000, 0x0000000086f00000| Untracked 
|  92|0x0000000087000000, 0x0000000087000000, 0x0000000087100000|  0%| F|  |TAMS 0x0000000087000000, 0x0000000087000000| Untracked 
|  93|0x0000000087100000, 0x0000000087100000, 0x0000000087200000|  0%| F|  |TAMS 0x0000000087100000, 0x0000000087100000| Untracked 
|  94|0x0000000087200000, 0x0000000087200000, 0x0000000087300000|  0%| F|  |TAMS 0x0000000087200000, 0x0000000087200000| Untracked 
|  95|0x0000000087300000, 0x0000000087300000, 0x0000000087400000|  0%| F|  |TAMS 0x0000000087300000, 0x0000000087300000| Untracked 
|  96|0x0000000087400000, 0x0000000087400000, 0x0000000087500000|  0%| F|  |TAMS 0x0000000087400000, 0x0000000087400000| Untracked 
|  97|0x0000000087500000, 0x0000000087500000, 0x0000000087600000|  0%| F|  |TAMS 0x0000000087500000, 0x0000000087500000| Untracked 
|  98|0x0000000087600000, 0x0000000087600000, 0x0000000087700000|  0%| F|  |TAMS 0x0000000087600000, 0x0000000087600000| Untracked 
|  99|0x0000000087700000, 0x0000000087700000, 0x0000000087800000|  0%| F|  |TAMS 0x0000000087700000, 0x0000000087700000| Untracked 
| 100|0x0000000087800000, 0x0000000087800000, 0x0000000087900000|  0%| F|  |TAMS 0x0000000087800000, 0x0000000087800000| Untracked 
| 101|0x0000000087900000, 0x0000000087900000, 0x0000000087a00000|  0%| F|  |TAMS 0x0000000087900000, 0x0000000087900000| Untracked 
| 102|0x0000000087a00000, 0x0000000087a00000, 0x0000000087b00000|  0%| F|  |TAMS 0x0000000087a00000, 0x0000000087a00000| Untracked 
| 103|0x0000000087b00000, 0x0000000087b00000, 0x0000000087c00000|  0%| F|  |TAMS 0x0000000087b00000, 0x0000000087b00000| Untracked 
| 104|0x0000000087c00000, 0x0000000087c00000, 0x0000000087d00000|  0%| F|  |TAMS 0x0000000087c00000, 0x0000000087c00000| Untracked 
| 105|0x0000000087d00000, 0x0000000087d00000, 0x0000000087e00000|  0%| F|  |TAMS 0x0000000087d00000, 0x0000000087d00000| Untracked 
| 106|0x0000000087e00000, 0x0000000087e00000, 0x0000000087f00000|  0%| F|  |TAMS 0x0000000087e00000, 0x0000000087e00000| Untracked 
| 107|0x0000000087f00000, 0x0000000087f00000, 0x0000000088000000|  0%| F|  |TAMS 0x0000000087f00000, 0x0000000087f00000| Untracked 
| 108|0x0000000088000000, 0x0000000088000000, 0x0000000088100000|  0%| F|  |TAMS 0x0000000088000000, 0x0000000088000000| Untracked 
| 109|0x0000000088100000, 0x0000000088100000, 0x0000000088200000|  0%| F|  |TAMS 0x0000000088100000, 0x0000000088100000| Untracked 
| 110|0x0000000088200000, 0x0000000088200000, 0x0000000088300000|  0%| F|  |TAMS 0x0000000088200000, 0x0000000088200000| Untracked 
| 111|0x0000000088300000, 0x0000000088300000, 0x0000000088400000|  0%| F|  |TAMS 0x0000000088300000, 0x0000000088300000| Untracked 
| 112|0x0000000088400000, 0x0000000088400000, 0x0000000088500000|  0%| F|  |TAMS 0x0000000088400000, 0x0000000088400000| Untracked 
| 113|0x0000000088500000, 0x0000000088500000, 0x0000000088600000|  0%| F|  |TAMS 0x0000000088500000, 0x0000000088500000| Untracked 
| 114|0x0000000088600000, 0x0000000088600000, 0x0000000088700000|  0%| F|  |TAMS 0x0000000088600000, 0x0000000088600000| Untracked 
| 115|0x0000000088700000, 0x0000000088700000, 0x0000000088800000|  0%| F|  |TAMS 0x0000000088700000, 0x0000000088700000| Untracked 
| 116|0x0000000088800000, 0x0000000088800000, 0x0000000088900000|  0%| F|  |TAMS 0x0000000088800000, 0x0000000088800000| Untracked 
| 117|0x0000000088900000, 0x0000000088900000, 0x0000000088a00000|  0%| F|  |TAMS 0x0000000088900000, 0x0000000088900000| Untracked 
| 118|0x0000000088a00000, 0x0000000088a00000, 0x0000000088b00000|  0%| F|  |TAMS 0x0000000088a00000, 0x0000000088a00000| Untracked 
| 119|0x0000000088b00000, 0x0000000088b00000, 0x0000000088c00000|  0%| F|  |TAMS 0x0000000088b00000, 0x0000000088b00000| Untracked 
| 120|0x0000000088c00000, 0x0000000088c00000, 0x0000000088d00000|  0%| F|  |TAMS 0x0000000088c00000, 0x0000000088c00000| Untracked 
| 121|0x0000000088d00000, 0x0000000088dcac68, 0x0000000088e00000| 79%| E|  |TAMS 0x0000000088d00000, 0x0000000088d00000| Complete 
| 122|0x0000000088e00000, 0x0000000088f00000, 0x0000000088f00000|100%| E|CS|TAMS 0x0000000088e00000, 0x0000000088e00000| Complete 
| 123|0x0000000088f00000, 0x0000000089000000, 0x0000000089000000|100%| E|CS|TAMS 0x0000000088f00000, 0x0000000088f00000| Complete 
| 124|0x0000000089000000, 0x0000000089100000, 0x0000000089100000|100%| E|CS|TAMS 0x0000000089000000, 0x0000000089000000| Complete 
| 125|0x0000000089100000, 0x0000000089200000, 0x0000000089200000|100%| E|CS|TAMS 0x0000000089100000, 0x0000000089100000| Complete 
| 126|0x0000000089200000, 0x0000000089300000, 0x0000000089300000|100%| E|CS|TAMS 0x0000000089200000, 0x0000000089200000| Complete 
| 127|0x0000000089300000, 0x0000000089400000, 0x0000000089400000|100%| E|CS|TAMS 0x0000000089300000, 0x0000000089300000| Complete 

Card table byte_map: [0x000002121a2d0000,0x000002121a6d0000] _byte_map_base: 0x0000021219ec6000

Marking Bits (Prev, Next): (CMBitMap*) 0x000002120784c520, (CMBitMap*) 0x000002120784c560
 Prev Bits: [0x000002121aad0000, 0x000002121ca80000)
 Next Bits: [0x000002121ca80000, 0x000002121ea30000)

Polling page: 0x0000021205650000

Metaspace:

Usage:
  Non-class:      9.18 MB used.
      Class:    897.24 KB used.
       Both:     10.06 MB used.

Virtual space:
  Non-class space:       16.00 MB reserved,       9.25 MB ( 58%) committed,  2 nodes.
      Class space:        1.00 GB reserved,     960.00 KB ( <1%) committed,  1 nodes.
             Both:        1.02 GB reserved,      10.19 MB ( <1%) committed. 

Chunk freelists:
   Non-Class:  2.69 MB
       Class:  2.97 MB
        Both:  5.65 MB

MaxMetaspaceSize: unlimited
CompressedClassSpaceSize: 1.00 GB
Initial GC threshold: 21.00 MB
Current GC threshold: 21.00 MB
CDS: off
MetaspaceReclaimPolicy: balanced
 - commit_granule_bytes: 65536.
 - commit_granule_words: 8192.
 - virtual_space_node_default_size: 1048576.
 - enlarge_chunks_in_place: 1.
 - new_chunks_are_fully_committed: 0.
 - uncommit_free_chunks: 1.
 - use_allocation_guard: 0.
 - handle_deallocations: 1.


Internal statistics:

num_allocs_failed_limit: 0.
num_arena_births: 10.
num_arena_deaths: 0.
num_vsnodes_births: 3.
num_vsnodes_deaths: 0.
num_space_committed: 163.
num_space_uncommitted: 0.
num_chunks_returned_to_freelist: 0.
num_chunks_taken_from_freelist: 54.
num_chunk_merges: 0.
num_chunk_splits: 24.
num_chunks_enlarged: 17.
num_purges: 0.
num_inconsistent_stats: 0.

CodeHeap 'non-profiled nmethods': size=120000Kb used=145Kb max_used=145Kb free=119854Kb
 bounds [0x00000212129a0000, 0x0000021212c10000, 0x0000021219ed0000]
CodeHeap 'profiled nmethods': size=120000Kb used=716Kb max_used=716Kb free=119283Kb
 bounds [0x000002120b470000, 0x000002120b6e0000, 0x00000212129a0000]
CodeHeap 'non-nmethods': size=5760Kb used=1205Kb max_used=1220Kb free=4554Kb
 bounds [0x000002120aed0000, 0x000002120b140000, 0x000002120b470000]
 total_blobs=909 nmethods=482 adapters=341
 compilation: enabled
              stopped_count=0, restarted_count=0
 full_count=0

Compilation events (20 events):
Event: 6.618 Thread 0x0000021221879de0  472       3       java.util.regex.ASCII::toUpper (16 bytes)
Event: 6.618 Thread 0x0000021221879de0 nmethod 472 0x000002120b520f90 code [0x000002120b521120, 0x000002120b521318]
Event: 7.961 Thread 0x0000021221879de0  474       3       java.lang.StringUTF16::toBytes (34 bytes)
Event: 7.961 Thread 0x0000021221801920  475       4       org.eclipse.jdt.launching.internal.org.objectweb.asm.ClassReader::getItem (7 bytes)
Event: 7.961 Thread 0x0000021221879de0 nmethod 474 0x000002120b521410 code [0x000002120b5215c0, 0x000002120b5217e8]
Event: 7.962 Thread 0x0000021221801920 nmethod 475 0x00000212129c3410 code [0x00000212129c3580, 0x00000212129c3638]
Event: 342.770 Thread 0x0000021221801920  476       4       java.lang.StringUTF16::compress (50 bytes)
Event: 342.783 Thread 0x0000021221801920 nmethod 476 0x00000212129c3710 code [0x00000212129c3880, 0x00000212129c3d38]
Event: 342.784 Thread 0x0000021221879de0  477       3       java.lang.StringUTF16::hashCode (33 bytes)
Event: 342.784 Thread 0x0000021221879de0 nmethod 477 0x000002120b521990 code [0x000002120b521b20, 0x000002120b521cd8]
Event: 342.785 Thread 0x0000021221879de0  478       3       org.eclipse.jdt.launching.internal.org.objectweb.asm.ByteVector::putShort (52 bytes)
Event: 342.785 Thread 0x0000021221879de0 nmethod 478 0x000002120b521e10 code [0x000002120b521fc0, 0x000002120b5221c8]
Event: 342.785 Thread 0x0000021221879de0  479       1       org.eclipse.jdt.launching.internal.org.objectweb.asm.SymbolTable::getMajorVersion (5 bytes)
Event: 342.785 Thread 0x0000021221879de0 nmethod 479 0x00000212129c3e90 code [0x00000212129c4020, 0x00000212129c40f8]
Event: 349.516 Thread 0x0000021221879de0  480       3       org.eclipse.jdt.launching.internal.org.objectweb.asm.SymbolTable::get (13 bytes)
Event: 349.516 Thread 0x0000021221879de0 nmethod 480 0x000002120b522310 code [0x000002120b5224a0, 0x000002120b5225f8]
Event: 349.516 Thread 0x0000021221879de0  481       3       org.eclipse.jdt.launching.internal.org.objectweb.asm.SymbolTable::addConstantUtf8 (98 bytes)
Event: 349.517 Thread 0x0000021221879de0 nmethod 481 0x000002120b522710 code [0x000002120b522940, 0x000002120b522f38]
Event: 349.518 Thread 0x0000021221879de0  482       1       org.eclipse.jdt.launching.internal.org.objectweb.asm.SymbolTable::getSource (5 bytes)
Event: 349.518 Thread 0x0000021221879de0 nmethod 482 0x00000212129c4190 code [0x00000212129c4320, 0x00000212129c43f8]

GC Heap History (0 events):
No events

Deoptimization events (20 events):
Event: 1.380 Thread 0x000002120780dd50 DEOPT PACKING pc=0x000002120b4e7954 sp=0x00000061cd5f7f60
Event: 1.380 Thread 0x000002120780dd50 DEOPT UNPACKING pc=0x000002120af22b24 sp=0x00000061cd5f73c8 mode 0
Event: 1.391 Thread 0x000002120780dd50 DEOPT PACKING pc=0x000002120b4e7954 sp=0x00000061cd5fb9b0
Event: 1.391 Thread 0x000002120780dd50 DEOPT UNPACKING pc=0x000002120af22b24 sp=0x00000061cd5fae18 mode 0
Event: 1.391 Thread 0x000002120780dd50 DEOPT PACKING pc=0x000002120b4e7954 sp=0x00000061cd5fb9b0
Event: 1.391 Thread 0x000002120780dd50 DEOPT UNPACKING pc=0x000002120af22b24 sp=0x00000061cd5fae18 mode 0
Event: 1.398 Thread 0x000002120780dd50 DEOPT PACKING pc=0x000002120b4e7954 sp=0x00000061cd5f7ee0
Event: 1.398 Thread 0x000002120780dd50 DEOPT UNPACKING pc=0x000002120af22b24 sp=0x00000061cd5f7348 mode 0
Event: 1.476 Thread 0x000002120780dd50 Uncommon trap: trap_request=0xffffff45 fr.pc=0x00000212129a9634 relative=0x00000000000001b4
Event: 1.476 Thread 0x000002120780dd50 Uncommon trap: reason=unstable_if action=reinterpret pc=0x00000212129a9634 method=java.lang.String.isLatin1()Z @ 10 c2
Event: 1.476 Thread 0x000002120780dd50 DEOPT PACKING pc=0x00000212129a9634 sp=0x00000061cd5fc830
Event: 1.476 Thread 0x000002120780dd50 DEOPT UNPACKING pc=0x000002120af2239d sp=0x00000061cd5fc768 mode 2
Event: 1.755 Thread 0x000002120780dd50 Uncommon trap: trap_request=0xffffff45 fr.pc=0x00000212129adce0 relative=0x0000000000000060
Event: 1.755 Thread 0x000002120780dd50 Uncommon trap: reason=unstable_if action=reinterpret pc=0x00000212129adce0 method=java.lang.String.isLatin1()Z @ 10 c2
Event: 1.755 Thread 0x000002120780dd50 DEOPT PACKING pc=0x00000212129adce0 sp=0x00000061cd5fec30
Event: 1.755 Thread 0x000002120780dd50 DEOPT UNPACKING pc=0x000002120af2239d sp=0x00000061cd5febd0 mode 2
Event: 1.756 Thread 0x000002120780dd50 Uncommon trap: trap_request=0xffffff45 fr.pc=0x00000212129b2dc8 relative=0x0000000000000048
Event: 1.756 Thread 0x000002120780dd50 Uncommon trap: reason=unstable_if action=reinterpret pc=0x00000212129b2dc8 method=java.lang.CharacterData.of(I)Ljava/lang/CharacterData; @ 4 c2
Event: 1.756 Thread 0x000002120780dd50 DEOPT PACKING pc=0x00000212129b2dc8 sp=0x00000061cd5fe770
Event: 1.756 Thread 0x000002120780dd50 DEOPT UNPACKING pc=0x000002120af2239d sp=0x00000061cd5fe710 mode 2

Classes unloaded (0 events):
No events

Classes redefined (2 events):
Event: 342.803 Thread 0x0000021220ed95a0 redefined class name=Object.ObjectManager, count=1
Event: 349.520 Thread 0x0000021220ed95a0 redefined class name=Object.ObjectManager, count=2

Internal exceptions (0 events):
No events

VM Operations (20 events):
Event: 342.807 Executing VM operation: RedefineClasses done
Event: 342.878 Executing VM operation: ChangeSingleStep
Event: 342.878 Executing VM operation: ChangeSingleStep done
Event: 342.881 Executing VM operation: ChangeSingleStep
Event: 342.881 Executing VM operation: ChangeSingleStep done
Event: 349.501 Executing VM operation: ChangeSingleStep
Event: 349.501 Executing VM operation: ChangeSingleStep done
Event: 349.504 Executing VM operation: ChangeSingleStep
Event: 349.504 Executing VM operation: ChangeSingleStep done
Event: 349.519 Executing VM operation: RedefineClasses
Event: 349.523 Executing VM operation: RedefineClasses done
Event: 349.545 Executing VM operation: ChangeBreakpoints
Event: 349.545 Executing VM operation: ChangeBreakpoints done
Event: 349.556 Executing VM operation: ChangeBreakpoints
Event: 349.557 Executing VM operation: ChangeBreakpoints done
Event: 349.562 Executing VM operation: ChangeSingleStep
Event: 349.562 Executing VM operation: ChangeSingleStep done
Event: 349.600 Executing VM operation: ChangeSingleStep
Event: 349.600 Executing VM operation: ChangeSingleStep done
Event: 351.282 Executing VM operation: get/set locals

Events (20 events):
Event: 1.755 loading class java/lang/StringUTF16$CharsSpliterator
Event: 1.756 loading class java/lang/StringUTF16$CharsSpliterator done
Event: 1.756 loading class java/lang/CharacterData00
Event: 1.757 loading class java/lang/CharacterData00 done
Event: 1.764 loading class java/text/DecimalFormat
Event: 1.765 loading class java/text/DecimalFormat done
Event: 1.765 loading class java/text/FieldPosition
Event: 1.766 loading class java/text/FieldPosition done
Event: 1.766 loading class java/text/DigitList
Event: 1.766 loading class java/text/DigitList done
Event: 1.766 loading class java/math/RoundingMode
Event: 1.766 loading class java/math/RoundingMode done
Event: 1.770 loading class java/util/regex/Pattern$Ques
Event: 1.771 loading class java/util/regex/Pattern$Ques done
Event: 1.772 loading class java/util/regex/Pattern$Curly
Event: 1.772 loading class java/util/regex/Pattern$Curly done
Event: 1.774 loading class java/util/regex/Pattern$GroupCurly
Event: 1.774 loading class java/util/regex/Pattern$GroupCurly done
Event: 6.611 loading class java/util/regex/Pattern$1
Event: 6.611 loading class java/util/regex/Pattern$1 done


Dynamic libraries:
0x00007ff6fd6f0000 - 0x00007ff6fd6fe000 	C:\Users\User\.p2\pool\plugins\org.eclipse.justj.openjdk.hotspot.jre.full.win32.x86_64_17.0.2.v20220201-1208\jre\bin\javaw.exe
0x00007ffe911b0000 - 0x00007ffe913a5000 	C:\Windows\SYSTEM32\ntdll.dll
0x00007ffe910b0000 - 0x00007ffe9116d000 	C:\Windows\System32\KERNEL32.DLL
0x00007ffe8ee70000 - 0x00007ffe8f13d000 	C:\Windows\System32\KERNELBASE.dll
0x00007ffe8e8f0000 - 0x00007ffe8e9f0000 	C:\Windows\System32\ucrtbase.dll
0x00007ffe883d0000 - 0x00007ffe883e8000 	C:\Users\User\.p2\pool\plugins\org.eclipse.justj.openjdk.hotspot.jre.full.win32.x86_64_17.0.2.v20220201-1208\jre\bin\jli.dll
0x00007ffe90c50000 - 0x00007ffe90df0000 	C:\Windows\System32\USER32.dll
0x00007ffe8e8c0000 - 0x00007ffe8e8e2000 	C:\Windows\System32\win32u.dll
0x00007ffe90ff0000 - 0x00007ffe9101a000 	C:\Windows\System32\GDI32.dll
0x00007ffe8ed60000 - 0x00007ffe8ee6b000 	C:\Windows\System32\gdi32full.dll
0x00007ffe8eb10000 - 0x00007ffe8ebad000 	C:\Windows\System32\msvcp_win.dll
0x00007ffe883a0000 - 0x00007ffe883b9000 	C:\Users\User\.p2\pool\plugins\org.eclipse.justj.openjdk.hotspot.jre.full.win32.x86_64_17.0.2.v20220201-1208\jre\bin\VCRUNTIME140.dll
0x00007ffe83e30000 - 0x00007ffe840ca000 	C:\Windows\WinSxS\amd64_microsoft.windows.common-controls_6595b64144ccf1df_6.0.19041.1110_none_60b5254171f9507e\COMCTL32.dll
0x00007ffe907c0000 - 0x00007ffe9085e000 	C:\Windows\System32\msvcrt.dll
0x00007ffe91080000 - 0x00007ffe910b0000 	C:\Windows\System32\IMM32.DLL
0x00007ffe88390000 - 0x00007ffe8839c000 	C:\Users\User\.p2\pool\plugins\org.eclipse.justj.openjdk.hotspot.jre.full.win32.x86_64_17.0.2.v20220201-1208\jre\bin\vcruntime140_1.dll
0x00007ffe6d930000 - 0x00007ffe6d9c1000 	C:\Users\User\.p2\pool\plugins\org.eclipse.justj.openjdk.hotspot.jre.full.win32.x86_64_17.0.2.v20220201-1208\jre\bin\msvcp140.dll
0x00007ffe4c030000 - 0x00007ffe4cc77000 	C:\Users\User\.p2\pool\plugins\org.eclipse.justj.openjdk.hotspot.jre.full.win32.x86_64_17.0.2.v20220201-1208\jre\bin\server\jvm.dll
0x00007ffe90ba0000 - 0x00007ffe90c4e000 	C:\Windows\System32\ADVAPI32.dll
0x00007ffe8f5a0000 - 0x00007ffe8f63c000 	C:\Windows\System32\sechost.dll
0x00007ffe8fd90000 - 0x00007ffe8feb5000 	C:\Windows\System32\RPCRT4.dll
0x00007ffe8fec0000 - 0x00007ffe8fec8000 	C:\Windows\System32\PSAPI.DLL
0x00007ffe89170000 - 0x00007ffe89179000 	C:\Windows\SYSTEM32\WSOCK32.dll
0x00007ffe90740000 - 0x00007ffe907ab000 	C:\Windows\System32\WS2_32.dll
0x00007ffe77510000 - 0x00007ffe77537000 	C:\Windows\SYSTEM32\WINMM.dll
0x00007ffe88a60000 - 0x00007ffe88a6a000 	C:\Windows\SYSTEM32\VERSION.dll
0x00007ffe8c7c0000 - 0x00007ffe8c7d2000 	C:\Windows\SYSTEM32\kernel.appcore.dll
0x00007ffe89850000 - 0x00007ffe8985a000 	C:\Users\User\.p2\pool\plugins\org.eclipse.justj.openjdk.hotspot.jre.full.win32.x86_64_17.0.2.v20220201-1208\jre\bin\jimage.dll
0x00007ffe825e0000 - 0x00007ffe827c4000 	C:\Windows\SYSTEM32\DBGHELP.DLL
0x00007ffe825b0000 - 0x00007ffe825dc000 	C:\Windows\SYSTEM32\dbgcore.DLL
0x00007ffe8f170000 - 0x00007ffe8f1f2000 	C:\Windows\System32\bcryptPrimitives.dll
0x00007ffe6e310000 - 0x00007ffe6e34b000 	C:\Users\User\.p2\pool\plugins\org.eclipse.justj.openjdk.hotspot.jre.full.win32.x86_64_17.0.2.v20220201-1208\jre\bin\jdwp.dll
0x00007ffe87f90000 - 0x00007ffe87f9e000 	C:\Users\User\.p2\pool\plugins\org.eclipse.justj.openjdk.hotspot.jre.full.win32.x86_64_17.0.2.v20220201-1208\jre\bin\instrument.dll
0x00007ffe884f0000 - 0x00007ffe88515000 	C:\Users\User\.p2\pool\plugins\org.eclipse.justj.openjdk.hotspot.jre.full.win32.x86_64_17.0.2.v20220201-1208\jre\bin\java.dll
0x00007ffe893c0000 - 0x00007ffe893d8000 	C:\Users\User\.p2\pool\plugins\org.eclipse.justj.openjdk.hotspot.jre.full.win32.x86_64_17.0.2.v20220201-1208\jre\bin\zip.dll
0x00007ffe8f640000 - 0x00007ffe8fd84000 	C:\Windows\System32\SHELL32.dll
0x00007ffe8c9c0000 - 0x00007ffe8d154000 	C:\Windows\SYSTEM32\windows.storage.dll
0x00007ffe90350000 - 0x00007ffe906a4000 	C:\Windows\System32\combase.dll
0x00007ffe8e250000 - 0x00007ffe8e27c000 	C:\Windows\SYSTEM32\Wldp.dll
0x00007ffe90a10000 - 0x00007ffe90abd000 	C:\Windows\System32\SHCORE.dll
0x00007ffe90f90000 - 0x00007ffe90fe5000 	C:\Windows\System32\shlwapi.dll
0x00007ffe8e800000 - 0x00007ffe8e81f000 	C:\Windows\SYSTEM32\profapi.dll
0x00007ffe87f80000 - 0x00007ffe87f8c000 	C:\Users\User\.p2\pool\plugins\org.eclipse.justj.openjdk.hotspot.jre.full.win32.x86_64_17.0.2.v20220201-1208\jre\bin\dt_socket.dll
0x00007ffe8dca0000 - 0x00007ffe8dcdb000 	C:\Windows\SYSTEM32\IPHLPAPI.DLL
0x00007ffe8dfb0000 - 0x00007ffe8e01a000 	C:\Windows\system32\mswsock.dll
0x00007ffe8dce0000 - 0x00007ffe8ddab000 	C:\Windows\SYSTEM32\DNSAPI.dll
0x00007ffe90b90000 - 0x00007ffe90b98000 	C:\Windows\System32\NSI.dll
0x00007ffe86170000 - 0x00007ffe8617a000 	C:\Windows\System32\rasadhlp.dll
0x00007ffe86090000 - 0x00007ffe86110000 	C:\Windows\System32\fwpuclnt.dll
0x00007ffe8f140000 - 0x00007ffe8f167000 	C:\Windows\System32\bcrypt.dll
0x00007ffe88490000 - 0x00007ffe884a9000 	C:\Users\User\.p2\pool\plugins\org.eclipse.justj.openjdk.hotspot.jre.full.win32.x86_64_17.0.2.v20220201-1208\jre\bin\net.dll
0x00007ffe86200000 - 0x00007ffe8630a000 	C:\Windows\SYSTEM32\WINHTTP.dll
0x00007ffe88470000 - 0x00007ffe88485000 	C:\Users\User\.p2\pool\plugins\org.eclipse.justj.openjdk.hotspot.jre.full.win32.x86_64_17.0.2.v20220201-1208\jre\bin\nio.dll
0x00007ffe896a0000 - 0x00007ffe896b0000 	C:\Users\User\.p2\pool\plugins\org.eclipse.justj.openjdk.hotspot.jre.full.win32.x86_64_17.0.2.v20220201-1208\jre\bin\verify.dll

dbghelp: loaded successfully - version: 4.0.5 - missing functions: none
symbol engine: initialized successfully - sym options: 0x614 - pdb path: .;C:\Users\User\.p2\pool\plugins\org.eclipse.justj.openjdk.hotspot.jre.full.win32.x86_64_17.0.2.v20220201-1208\jre\bin;C:\Windows\SYSTEM32;C:\Windows\WinSxS\amd64_microsoft.windows.common-controls_6595b64144ccf1df_6.0.19041.1110_none_60b5254171f9507e;C:\Users\User\.p2\pool\plugins\org.eclipse.justj.openjdk.hotspot.jre.full.win32.x86_64_17.0.2.v20220201-1208\jre\bin\server

VM Arguments:
jvm_args: -XX:+ShowCodeDetailsInExceptionMessages -agentlib:jdwp=transport=dt_socket,suspend=y,address=localhost:50354 -javaagent:C:\Users\User\eclipse\jee-2022-03\eclipse\configuration\org.eclipse.osgi\422\0\.cp\lib\javaagent-shaded.jar -Dfile.encoding=MS949 
java_command: Start
java_class_path (initial): C:\Users\User\Documents\GitHub\Java_Programming_Project\KGU_Manage_Program\bin
Launcher Type: SUN_STANDARD

[Global flags]
     intx CICompilerCount                          = 3                                         {product} {ergonomic}
     uint ConcGCThreads                            = 1                                         {product} {ergonomic}
     uint G1ConcRefinementThreads                  = 4                                         {product} {ergonomic}
   size_t G1HeapRegionSize                         = 1048576                                   {product} {ergonomic}
    uintx GCDrainStackTargetSize                   = 64                                        {product} {ergonomic}
   size_t InitialHeapSize                          = 134217728                                 {product} {ergonomic}
   size_t MarkStackSize                            = 4194304                                   {product} {ergonomic}
   size_t MaxHeapSize                              = 2126512128                                {product} {ergonomic}
   size_t MaxNewSize                               = 1275068416                                {product} {ergonomic}
   size_t MinHeapDeltaBytes                        = 1048576                                   {product} {ergonomic}
   size_t MinHeapSize                              = 8388608                                   {product} {ergonomic}
    uintx NonNMethodCodeHeapSize                   = 5832780                                {pd product} {ergonomic}
    uintx NonProfiledCodeHeapSize                  = 122912730                              {pd product} {ergonomic}
    uintx ProfiledCodeHeapSize                     = 122912730                              {pd product} {ergonomic}
    uintx ReservedCodeCacheSize                    = 251658240                              {pd product} {ergonomic}
     bool SegmentedCodeCache                       = true                                      {product} {ergonomic}
     bool ShowCodeDetailsInExceptionMessages       = true                                   {manageable} {command line}
   size_t SoftMaxHeapSize                          = 2126512128                             {manageable} {ergonomic}
     bool UseCompressedClassPointers               = true                           {product lp64_product} {ergonomic}
     bool UseCompressedOops                        = true                           {product lp64_product} {ergonomic}
     bool UseG1GC                                  = true                                      {product} {ergonomic}
     bool UseLargePagesIndividualAllocation        = false                                  {pd product} {ergonomic}

Logging:
Log output configuration:
 #0: stdout all=warning uptime,level,tags
 #1: stderr all=off uptime,level,tags

Environment Variables:
PATH=C:\Users\User\.p2\pool\plugins\org.eclipse.justj.openjdk.hotspot.jre.full.win32.x86_64_17.0.2.v20220201-1208\jre\bin;C:/Users/User/.p2/pool/plugins/org.eclipse.justj.openjdk.hotspot.jre.full.win32.x86_64_17.0.2.v20220201-1208/jre/bin/server;C:/Users/User/.p2/pool/plugins/org.eclipse.justj.openjdk.hotspot.jre.full.win32.x86_64_17.0.2.v20220201-1208/jre/bin;C:\Program Files (x86)\VMware\VMware Player\bin\;C:\Program Files\Microsoft\jdk-11.0.12.7-hotspot\bin;C:\Program Files (x86)\Intel\Intel(R) Management Engine Components\iCLS\;C:\Program Files\Intel\Intel(R) Management Engine Components\iCLS\;C:\Windows\system32;C:\Windows;C:\Windows\System32\Wbem;C:\Windows\System32\WindowsPowerShell\v1.0\;C:\Windows\System32\OpenSSH\;C:\Program Files (x86)\Intel\Intel(R) Management Engine Components\DAL;C:\Program Files\Intel\Intel(R) Management Engine Components\DAL;C:\Program Files (x86)\Intel\Intel(R) Management Engine Components\IPT;C:\Program Files\Intel\Intel(R) Management Engine Components\IPT;C:\Program Files\dotnet\;C:\Program Files\Microsoft SQL Server\150\Tools\Binn\;C:\Users\User\AppData\Local\Microsoft\WindowsApps;C:\Users\User\AppData\Local\GitHubDesktop\bin;C:\Users\User\.dotnet\tools;C:\Users\User\AppData\Local\Programs\Microsoft VS Code\bin;C:\Windows\System32;
USERNAME=User
OS=Windows_NT
PROCESSOR_IDENTIFIER=Intel64 Family 6 Model 142 Stepping 9, GenuineIntel



---------------  S Y S T E M  ---------------

OS:
 Windows 10 , 64 bit Build 19041 (10.0.19041.1706)
OS uptime: 4 days 21:33 hours

CPU: total 4 (initial active 4) (2 cores per cpu, 2 threads per core) family 6 model 142 stepping 9 microcode 0xb4, cx8, cmov, fxsr, ht, mmx, 3dnowpref, sse, sse2, sse3, ssse3, sse4.1, sse4.2, popcnt, lzcnt, tsc, tscinvbit, aes, erms, clmul, clflush, clflushopt

Memory: 4k page, system-wide physical 8106M (3160M free)
TotalPageFile size 10538M (AvailPageFile size 3467M)
current process WorkingSet (physical memory assigned to process): 48M, peak: 50M
current process commit charge ("private bytes"): 202M, peak: 206M

vm_info: OpenJDK 64-Bit Server VM (17.0.2+8) for windows-amd64 JRE (17.0.2+8), built on Jan 20 2022 04:52:34 by "" with MS VC++ 16.7 (VS2019)

END.
